app/build/intermediates/manifest_merge_blame_file/debug/manifest-merger-blame-debug-report.txt
1<?xml version="1.0" encoding="utf-8"?>
2<manifest xmlns:android="http://schemas.android.com/apk/res/android"
3    package="com.example.mmmmmmmmmmm"
4    android:versionCode="1"
5    android:versionName="1.0" >
6
7    <uses-sdk
8        android:minSdkVersion="26"
8-->src\main\AndroidManifest.xml
9        android:targetSdkVersion="34" />
9-->src\main\AndroidManifest.xml
10
11    <uses-permission android:name="android.permission.READ_EXTERNAL_STORAGE" />
11-->src\main\AndroidManifest.xml:4:5-80
11-->src\main\AndroidManifest.xml:4:22-77
12    <uses-permission android:name="android.permission.WRITE_EXTERNAL_STORAGE" />
12-->src\main\AndroidManifest.xml:5:5-81
12-->src\main\AndroidManifest.xml:5:22-78
13    <uses-permission android:name="android.permission.INTERNET" />
13-->src\main\AndroidManifest.xml:7:5-67
13-->src\main\AndroidManifest.xml:7:22-64
14    <uses-permission android:name="android.permission.ACCESS_NETWORK_STATE" />
14-->src\main\AndroidManifest.xml:8:5-79
14-->src\main\AndroidManifest.xml:8:22-76
15    <uses-permission android:name="android.permission.INTERNET" />
15-->src\main\AndroidManifest.xml:7:5-67
15-->src\main\AndroidManifest.xml:7:22-64
16    <uses-permission android:name="android.permission.ACCESS_COARSE_LOCATION" />
16-->src\main\AndroidManifest.xml:10:5-81
16-->src\main\AndroidManifest.xml:10:22-78
17    <uses-permission android:name="android.permission.ACCESS_FINE_LOCATION" /> <!-- RetroFit -->
17-->src\main\AndroidManifest.xml:11:5-79
17-->src\main\AndroidManifest.xml:11:22-76
18    <uses-permission android:name="android.permission.ACCESS_NETWORK_STATE" />
18-->src\main\AndroidManifest.xml:8:5-79
18-->src\main\AndroidManifest.xml:8:22-76
19    <uses-permission android:name="android.permission.INTERNET" />
19-->src\main\AndroidManifest.xml:7:5-67
19-->src\main\AndroidManifest.xml:7:22-64
20
21    <uses-feature
21-->[com.mapbox.maps:android-core:10.16.2] AndroidManifest.xml:10:5-12:35
22        android:glEsVersion="0x00020000"
22-->[com.mapbox.maps:android-core:10.16.2] AndroidManifest.xml:11:9-41
23        android:required="true" />
23-->[com.mapbox.maps:android-core:10.16.2] AndroidManifest.xml:12:9-32
24    <uses-feature
24-->[com.mapbox.maps:android-core:10.16.2] AndroidManifest.xml:13:5-15:36
25        android:name="android.hardware.wifi"
25-->[com.mapbox.maps:android-core:10.16.2] AndroidManifest.xml:14:9-45
26        android:required="false" />
26-->[com.mapbox.maps:android-core:10.16.2] AndroidManifest.xml:15:9-33
27
28    <uses-permission android:name="android.permission.ACCESS_WIFI_STATE" />
28-->[com.mapbox.maps:android-core:10.16.2] AndroidManifest.xml:19:5-76
28-->[com.mapbox.maps:android-core:10.16.2] AndroidManifest.xml:19:22-73
29
30    <permission
30-->[androidx.core:core:1.9.0] AndroidManifest.xml:22:5-24:47
31        android:name="com.example.mmmmmmmmmmm.DYNAMIC_RECEIVER_NOT_EXPORTED_PERMISSION"
31-->[androidx.core:core:1.9.0] AndroidManifest.xml:23:9-81
32        android:protectionLevel="signature" />
32-->[androidx.core:core:1.9.0] AndroidManifest.xml:24:9-44
33
34    <uses-permission android:name="com.example.mmmmmmmmmmm.DYNAMIC_RECEIVER_NOT_EXPORTED_PERMISSION" />
34-->[androidx.core:core:1.9.0] AndroidManifest.xml:26:5-97
34-->[androidx.core:core:1.9.0] AndroidManifest.xml:26:22-94
35
36    <application
36-->src\main\AndroidManifest.xml:15:5-50:19
37        android:allowBackup="true"
37-->src\main\AndroidManifest.xml:16:9-35
38        android:appComponentFactory="androidx.core.app.CoreComponentFactory"
38-->[androidx.core:core:1.9.0] AndroidManifest.xml:28:18-86
39        android:dataExtractionRules="@xml/data_extraction_rules"
39-->src\main\AndroidManifest.xml:17:9-65
40        android:debuggable="true"
41        android:extractNativeLibs="false"
42        android:fullBackupContent="@xml/backup_rules"
42-->src\main\AndroidManifest.xml:18:9-54
43        android:icon="@mipmap/ic_launcher"
43-->src\main\AndroidManifest.xml:19:9-43
44        android:label="@string/app_name"
44-->src\main\AndroidManifest.xml:20:9-41
45        android:roundIcon="@mipmap/ic_launcher_round"
45-->src\main\AndroidManifest.xml:21:9-54
46        android:supportsRtl="true"
46-->src\main\AndroidManifest.xml:22:9-35
47        android:testOnly="true"
48        android:theme="@style/Theme.Mmmmmmmmmmm"
48-->src\main\AndroidManifest.xml:23:9-49
49        android:usesCleartextTraffic="true" >
49-->src\main\AndroidManifest.xml:24:9-44
50        <activity
50-->src\main\AndroidManifest.xml:26:9-28:40
51            android:name="com.example.mmmmmmmmmmm.ViewModel.DonateActivity"
51-->src\main\AndroidManifest.xml:27:13-53
52            android:exported="false" />
52-->src\main\AndroidManifest.xml:28:13-37
53        <activity
53-->src\main\AndroidManifest.xml:29:9-31:48
54            android:name="com.example.mmmmmmmmmmm.MainActivity2"
54-->src\main\AndroidManifest.xml:30:13-42
55            android:exported="true" />
55-->src\main\AndroidManifest.xml:31:13-36
56        <activity
56-->src\main\AndroidManifest.xml:32:9-40:20
57            android:name="com.example.mmmmmmmmmmm.CategoryMain"
57-->src\main\AndroidManifest.xml:33:13-41
58            android:exported="true" >
58-->src\main\AndroidManifest.xml:34:13-36
59            <intent-filter>
59-->src\main\AndroidManifest.xml:35:13-39:29
60                <action android:name="android.intent.action.MAIN" />
60-->src\main\AndroidManifest.xml:36:17-69
60-->src\main\AndroidManifest.xml:36:25-66
61
62                <category android:name="android.intent.category.LAUNCHER" />
62-->src\main\AndroidManifest.xml:38:17-77
62-->src\main\AndroidManifest.xml:38:27-74
63            </intent-filter>
64        </activity>
65
66        <provider
66-->src\main\AndroidManifest.xml:41:9-49:20
67            android:name="androidx.core.content.FileProvider"
67-->src\main\AndroidManifest.xml:42:13-62
68            android:authorities="com.example.mmmmmmmmmmm.fileprovider"
68-->src\main\AndroidManifest.xml:43:13-71
69            android:exported="false"
69-->src\main\AndroidManifest.xml:44:13-37
70            android:grantUriPermissions="true" >
70-->src\main\AndroidManifest.xml:45:13-47
71            <meta-data
71-->src\main\AndroidManifest.xml:46:13-48:54
72                android:name="android.support.FILE_PROVIDER_PATHS"
72-->src\main\AndroidManifest.xml:47:17-67
73                android:resource="@xml/file_paths" />
73-->src\main\AndroidManifest.xml:48:17-51
74        </provider>
75        <provider
75-->[com.mapbox.search:mapbox-search-android:1.0.0-rc.7] AndroidManifest.xml:13:9-21:20
76            android:name="androidx.startup.InitializationProvider"
76-->[com.mapbox.search:mapbox-search-android:1.0.0-rc.7] AndroidManifest.xml:14:13-67
77            android:authorities="com.example.mmmmmmmmmmm.androidx-startup"
77-->[com.mapbox.search:mapbox-search-android:1.0.0-rc.7] AndroidManifest.xml:15:13-68
78            android:exported="false" >
78-->[com.mapbox.search:mapbox-search-android:1.0.0-rc.7] AndroidManifest.xml:16:13-37
79            <meta-data
79-->[com.mapbox.search:mapbox-search-android:1.0.0-rc.7] AndroidManifest.xml:18:13-20:52
80                android:name="com.mapbox.search.MapboxSearchSdkInitializer"
80-->[com.mapbox.search:mapbox-search-android:1.0.0-rc.7] AndroidManifest.xml:19:17-76
81                android:value="androidx.startup" />
81-->[com.mapbox.search:mapbox-search-android:1.0.0-rc.7] AndroidManifest.xml:20:17-49
82            <meta-data
82-->[com.mapbox.search:base:1.0.0-rc.7] AndroidManifest.xml:18:13-20:52
83                android:name="com.mapbox.search.base.BaseSearchSdkInitializer"
83-->[com.mapbox.search:base:1.0.0-rc.7] AndroidManifest.xml:19:17-79
84                android:value="androidx.startup" />
84-->[com.mapbox.search:base:1.0.0-rc.7] AndroidManifest.xml:20:17-49
85            <meta-data
85-->[com.mapbox.maps:android-core:10.16.2] AndroidManifest.xml:27:13-29:52
86                android:name="com.mapbox.maps.loader.MapboxMapsInitializer"
86-->[com.mapbox.maps:android-core:10.16.2] AndroidManifest.xml:28:17-76
87                android:value="androidx.startup" /> <!-- This entry makes MapboxSDKCommonInitializer discoverable. -->
87-->[com.mapbox.maps:android-core:10.16.2] AndroidManifest.xml:29:17-49
88            <meta-data
88-->[com.mapbox.common:common:23.8.4] AndroidManifest.xml:21:13-23:52
89                android:name="com.mapbox.common.MapboxSDKCommonInitializer"
89-->[com.mapbox.common:common:23.8.4] AndroidManifest.xml:22:17-76
90                android:value="androidx.startup" />
90-->[com.mapbox.common:common:23.8.4] AndroidManifest.xml:23:17-49
91            <meta-data
91-->[androidx.emoji2:emoji2:1.2.0] AndroidManifest.xml:29:13-31:52
92                android:name="androidx.emoji2.text.EmojiCompatInitializer"
92-->[androidx.emoji2:emoji2:1.2.0] AndroidManifest.xml:30:17-75
93                android:value="androidx.startup" />
93-->[androidx.emoji2:emoji2:1.2.0] AndroidManifest.xml:31:17-49
94            <meta-data
94-->[androidx.lifecycle:lifecycle-process:2.4.1] AndroidManifest.xml:31:13-33:52
95                android:name="androidx.lifecycle.ProcessLifecycleInitializer"
95-->[androidx.lifecycle:lifecycle-process:2.4.1] AndroidManifest.xml:32:17-78
96                android:value="androidx.startup" />
96-->[androidx.lifecycle:lifecycle-process:2.4.1] AndroidManifest.xml:33:17-49
97        </provider>
98
99        <activity
99-->[com.google.android.gms:play-services-base:18.1.0] AndroidManifest.xml:20:9-22:45
100            android:name="com.google.android.gms.common.api.GoogleApiActivity"
100-->[com.google.android.gms:play-services-base:18.1.0] AndroidManifest.xml:20:19-85
101            android:exported="false"
101-->[com.google.android.gms:play-services-base:18.1.0] AndroidManifest.xml:22:19-43
102            android:theme="@android:style/Theme.Translucent.NoTitleBar" />
102-->[com.google.android.gms:play-services-base:18.1.0] AndroidManifest.xml:21:19-78
103
104        <meta-data
104-->[com.google.android.gms:play-services-basement:18.1.0] AndroidManifest.xml:21:9-23:69
105            android:name="com.google.android.gms.version"
105-->[com.google.android.gms:play-services-basement:18.1.0] AndroidManifest.xml:22:13-58
106            android:value="@integer/google_play_services_version" />
106-->[com.google.android.gms:play-services-basement:18.1.0] AndroidManifest.xml:23:13-66
107
108        <receiver
108-->[com.mapbox.common:common:23.8.4] AndroidManifest.xml:26:9-33:20
109            android:name="com.mapbox.common.location.LocationUpdatesReceiver"
109-->[com.mapbox.common:common:23.8.4] AndroidManifest.xml:27:13-78
110            android:enabled="true"
110-->[com.mapbox.common:common:23.8.4] AndroidManifest.xml:28:13-35
111            android:exported="false" >
111-->[com.mapbox.common:common:23.8.4] AndroidManifest.xml:29:13-37
112            <intent-filter>
112-->[com.mapbox.common:common:23.8.4] AndroidManifest.xml:30:13-32:29
113                <action android:name="com.mapbox.common.location.LocationUpdatesReceiver.ACTION_PROCESS_LOCATION_UPDATES" />
113-->[com.mapbox.common:common:23.8.4] AndroidManifest.xml:31:17-125
113-->[com.mapbox.common:common:23.8.4] AndroidManifest.xml:31:25-122
114            </intent-filter>
115        </receiver>
116
117        <service
117-->[com.mapbox.common:common:23.8.4] AndroidManifest.xml:35:9-37:40
118            android:name="com.mapbox.common.LifecycleService"
118-->[com.mapbox.common:common:23.8.4] AndroidManifest.xml:36:13-62
119            android:exported="false" />
119-->[com.mapbox.common:common:23.8.4] AndroidManifest.xml:37:13-37
120    </application>
121
122</manifest>